\o Program:		@(#)$CDS: cdsLibEditor version 6.1.7 - CAT35 05/21/2016 02:35 (sjfnl027) $
\o Sub version:		sub-version  IC6.1.7 - CAT35.15s020 
\o Arguments:		-cdslib /home/grossfe2/ece425.work/ece425mp0/comptut/cds.lib -mpssession virtuoso8882 -mpshost linux-01.ews.illinois.edu 
\o Working Directory:	linux-01.ews.illinois.edu:/home/grossfe2/ece425.work/ece425mp0/comptut
\o 64-bit offsets
\a nrSetWindowVisibility(cdsLibEditor "show")
\o Qt version: 		4.8.5
\a nrSetCurrentWindow(cdsLibEditor)
\a nrListItemAction(cdsLibEditor->mainTable 0 0)
\o Active cell: 0 0 ""
\a nrResizeWindow(cdsLibEditor list(0 53 500 400))
\a nrResizeWindow(cdsLibEditor list(701 293 500 400))
\a nrResizeWindow(cdsLibEditor list(717 246 500 400))
\a nrResizeWindow(cdsLibEditor list(707 246 500 400))
\a nrResizeWindow(cdsLibEditor list(692 225 500 400))
\a nrListItemRename(cdsLibEditor->mainTable, 0 0 "basic")
\a nrListItemAction(cdsLibEditor->mainTable 0 1)
\o Active cell: 0 1 ""
\a nrResizeWindow(cdsLibEditor list(783 303 500 400))
\a nrResizeWindow(cdsLibEditor list(807 271 500 400))
\a nrListItemRename(cdsLibEditor->mainTable, 0 1 "/software/cadence-Aug2016/IC617/tools/dfII/etc/cdslib/basic")
\a nrListItemAction(cdsLibEditor->mainTable 1 0)
\o Active cell: 1 0 ""
\o ERROR (CLE-201): Library "US_8ths " is invalid within the current namespace "CDBA". \n\nRe-enter the library following the rules for the namespace. 
\a nrSetWindowVisibility(errorDialog "show")
\a nrSetCurrentWindow(errorDialog)
\a nrResizeWindow(errorDialog list(851 388 413 134))
\a errorDialog->errorOkButton->value = t
\a nrListItemAction(cdsLibEditor->mainTable 0 1)
\o Active cell: 0 1 "/software/cadence-Aug2016/IC617/tools/dfII/etc/cdslib/basic"
\a nrSetCurrentWindow(cdsLibEditor)
\a nrListItemAction(cdsLibEditor->mainTable 1 0)
\o Active cell: 1 0 ""
\a nrListItemAction(cdsLibEditor->mainTable 0 1)
\o Active cell: 0 1 "/software/cadence-Aug2016/IC617/tools/dfII/etc/cdslib/basic"
\a nrListItemAction(cdsLibEditor->mainTable 1 0)
\o Active cell: 1 0 ""
\a nrListItemRename(cdsLibEditor->mainTable, 1 0 "US_8ths")
\a nrListItemAction(cdsLibEditor->mainTable 1 1)
\o Active cell: 1 1 ""
\a nrListItemRename(cdsLibEditor->mainTable, 1 1 "/software/cadence-Aug2016/IC617/tools/dfII/etc/cdslib/sheets/US_8ths")
\a nrListItemAction(cdsLibEditor->mainTable 2 0)
\o Active cell: 2 0 ""
\a nrListItemRename(cdsLibEditor->mainTable, 2 0 "analogLib")
\a nrListItemAction(cdsLibEditor->mainTable 2 1)
\o Active cell: 2 1 ""
\a nrResizeWindow(cdsLibEditor list(649 357 500 400))
\a nrListItemRename(cdsLibEditor->mainTable, 2 1 "/software/cadence-Aug2016/IC617/tools/dfII/etc/cdslib/artist/analogLib")
\a nrListItemAction(cdsLibEditor->mainTable 3 0)
\o Active cell: 3 0 ""
\a nrResizeWindow(cdsLibEditor list(649 357 591 400))
\a nrListItemRename(cdsLibEditor->mainTable, 3 0 "sample")
\a nrListItemAction(cdsLibEditor->mainTable 3 1)
\o Active cell: 3 1 ""
\a nrListItemRename(cdsLibEditor->mainTable, 3 1 "/software/cadence-Aug2016/IC617/tools/dfII/samples/cdslib/sample")
\a nrListItemAction(cdsLibEditor->mainTable 4 0)
\o Active cell: 4 0 ""
\a nrListItemRename(cdsLibEditor->mainTable, 4 0 "TTL_tutor")
\a nrListItemAction(cdsLibEditor->mainTable 4 1)
\o Active cell: 4 1 ""
\a nrListItemRename(cdsLibEditor->mainTable, 4 1 "/software/cadence-Aug2016/IC617/comptut/TTL_tutor")
\o QUESTION (CLE-200): The directory "/software/cadence-Aug2016/IC617/comptut/TTL_tutor" \ndoesn't exist. If other tools use this file, \nan error will occur unless you either create \nthe directory you have specified or change the \npath to an existing directory. \n\nDo you want to create a new library? 
\a nrSetWindowVisibility(needCreateDialog "show")
\a nrSetCurrentWindow(needCreateDialog)
\a nrResizeWindow(needCreateDialog list(737 446 415 200))
\a needCreateDialog->cancelButton->value = t
\a nrListItemAction(cdsLibEditor->mainTable 5 0)
\o Active cell: 5 0 ""
\a nrSetCurrentWindow(cdsLibEditor)
\a nrListItemAction(cdsLibEditor->mainTable 4 1)
\o Active cell: 4 1 "/software/cadence-Aug2016/IC617/comptut/TTL_tutor"
\a nrListItemRename(cdsLibEditor->mainTable, 4 1 "TTL_tutor")
\a nrListItemAction(cdsLibEditor->mainTable 5 0)
\o Active cell: 5 0 ""
\a nrListItemRename(cdsLibEditor->mainTable, 5 0 "master")
\a nrListItemAction(cdsLibEditor->mainTable 5 1)
\o Active cell: 5 1 ""
\a nrListItemRename(cdsLibEditor->mainTable, 5 1 "master")
\a nrListItemAction(cdsLibEditor->mainTable 6 0)
\o Active cell: 6 0 ""
\a nrListItemRename(cdsLibEditor->mainTable, 6 0 "tutorial")
\a nrListItemAction(cdsLibEditor->mainTable 6 1)
\o Active cell: 6 1 ""
\a nrListItemRename(cdsLibEditor->mainTable, 6 1 "tutorial")
\a nrListItemAction(cdsLibEditor->mainTable 7 0)
\o Active cell: 7 0 ""
\a nrListItemRename(cdsLibEditor->mainTable, 7 0 "user_ASIC")
\a nrListItemAction(cdsLibEditor->mainTable 7 1)
\o Active cell: 7 1 ""
\a nrListItemRename(cdsLibEditor->mainTable, 7 1 "user_ASIC")
\a nrListItemAction(cdsLibEditor->mainTable 8 0)
\o Active cell: 8 0 ""
\a nrResizeWindow(cdsLibEditor list(630 225 591 400))
\a nrSetCurrentWindow(cdsLibEditor)
\a cdsLibEditor->fileSaveAsButton->value = t
\a saveAsGroupDialog->saveAsLibDefsCheckBox->value = nil
\a saveAsGroupDialog->unionUsageRadioB->value = nil
\a nrSetWindowVisibility(saveAsGroupDialog "show")
\a nrSetCurrentWindow(saveAsGroupDialog)
\a nrResizeWindow(saveAsGroupDialog list(661 264 528 369))
\a nrSetCurrentWindow(saveAsGroupDialog)
\a saveAsGroupDialog->saveAsCdsLibBrowse->value = t
\a saveAsCdsLibFileDialog->fileNameEdit->value = "cds.lib"
\a nrSetWindowVisibility(saveAsCdsLibFileDialog "show")
\a nrSetCurrentWindow(saveAsCdsLibFileDialog)
\a nrResizeWindow(saveAsCdsLibFileDialog list(615 236 620 410))
\a nrSetWindowVisibility(saveAsCdsLibFileDialog "hide")
\a nrSetCurrentWindow(saveAsGroupDialog)
\a saveAsGroupDialog->okButton->value = t
\o QUESTION (CLE-140): Caution\n\n"/home/grossfe2/ece425.work/ece425mp0/comptut/cds.lib" already exists. \n\nDo you want to overwrite this file? 
\a nrSetWindowVisibility(genericDialog "show")
\a nrSetCurrentWindow(genericDialog)
\a nrResizeWindow(genericDialog list(697 332 457 164))
\a nrSetCurrentWindow(genericDialog)
\a nrSetWindowVisibility(genericDialog "hide")
\a nrSetWindowVisibility(badFileSaveDialog "show")
\a nrSetCurrentWindow(saveAsGroupDialog)
\a nrSetCurrentWindow(badFileSaveDialog)
\a nrResizeWindow(badFileSaveDialog list(732 344 386 128))
\a nrSetCurrentWindow(saveAsGroupDialog)
\a nrSetCurrentWindow(badFileSaveDialog)
\a badFileSaveDialog->cancelButton->value = t
\a nrSetCurrentWindow(saveAsGroupDialog)
\a saveAsGroupDialog->okButton->value = t
\o QUESTION (CLE-140): Caution\n\n"/home/grossfe2/ece425.work/ece425mp0/comptut/cds.lib" already exists. \n\nDo you want to overwrite this file? 
\a nrSetWindowVisibility(genericDialog "show")
\a nrSetCurrentWindow(genericDialog)
\a nrResizeWindow(genericDialog list(697 332 457 164))
\a genericDialog->genericYesButton->value = t
\a nrSetCurrentWindow(saveAsGroupDialog)
\a nrSetCurrentWindow(cdsLibEditor)
\a cdsLibEditor->fileSaveButton->value = t
\a nrSetCurrentWindow(cdsLibEditor)
\a cdsLibEditor->fileExitButton->value = t
\a nrSetWindowVisibility(cdsLibEditor "hide")
\a exit(0)
